[
    {
        "UtcTime":"2025-06-30T10:00:00Z",
        "EventID":1,
        "Image":"calc.exe",
        "CommandLine":"calc.exe",
        "User":"admin",
        "SourceIp":"192.168.1.1",
        "DestinationIP":null,
        "DestinationPort":null,
        "ParentImage":null,
        "TargetUsername":null,
        "LogonType":null
    },
    {
        "UtcTime":"2025-06-30T10:01:00Z",
        "EventID":3,
        "Image":"powershell.exe",
        "CommandLine":null,
        "User":"florence",
        "SourceIp":null,
        "DestinationIP":"1.2.3.4",
        "DestinationPort":443.0,
        "ParentImage":null,
        "TargetUsername":null,
        "LogonType":null
    },
    {
        "UtcTime":"2025-06-30T10:02:00Z",
        "EventID":1,
        "Image":"bad_process.exe",
        "CommandLine":"bad_process.exe --hidden",
        "User":"florence",
        "SourceIp":"10.0.0.1",
        "DestinationIP":null,
        "DestinationPort":null,
        "ParentImage":"chrome.exe",
        "TargetUsername":null,
        "LogonType":null
    },
    {
        "UtcTime":"2025-06-30T10:03:00Z",
        "EventID":4624,
        "Image":null,
        "CommandLine":null,
        "User":"florence",
        "SourceIp":"192.168.1.5",
        "DestinationIP":null,
        "DestinationPort":null,
        "ParentImage":null,
        "TargetUsername":"Florence",
        "LogonType":2.0
    }
]